Using launch settings from /home/razer_admin/workspace/on-class-study/projects/cnweb/GameStore/GameStore.ApiGateway/Properties/launchSettings.json...
Building...
Unhandled exception. System.IO.FileNotFoundException: The configuration file 'ocelot.json' was not found and is not optional. The expected physical path was '/home/razer_admin/workspace/on-class-study/projects/cnweb/GameStore/GameStore.ApiGateway/ocelot.json'.
   at Microsoft.Extensions.Configuration.FileConfigurationProvider.Load(Boolean reload)
   at Microsoft.Extensions.Configuration.ConfigurationManager.AddSource(IConfigurationSource source)
   at Microsoft.Extensions.Configuration.ConfigurationManager.Microsoft.Extensions.Configuration.IConfigurationBuilder.Add(IConfigurationSource source)
   at Program.<Main>$(String[] args) in /home/razer_admin/workspace/on-class-study/projects/cnweb/GameStore/GameStore.ApiGateway/Program.cs:line 6
   at Program.<Main>(String[] args)
Using launch settings from /home/razer_admin/workspace/on-class-study/projects/cnweb/GameStore/GameStore.ApiGateway/Properties/launchSettings.json...
Building...
Unhandled exception. System.IO.FileNotFoundException: The configuration file 'ocelot.json' was not found and is not optional. The expected physical path was '/home/razer_admin/workspace/on-class-study/projects/cnweb/GameStore/GameStore.ApiGateway/ocelot.json'.
   at Microsoft.Extensions.Configuration.FileConfigurationProvider.Load(Boolean reload)
   at Microsoft.Extensions.Configuration.ConfigurationManager.AddSource(IConfigurationSource source)
   at Microsoft.Extensions.Configuration.ConfigurationManager.Microsoft.Extensions.Configuration.IConfigurationBuilder.Add(IConfigurationSource source)
   at Program.<Main>$(String[] args) in /home/razer_admin/workspace/on-class-study/projects/cnweb/GameStore/GameStore.ApiGateway/Program.cs:line 6
   at Program.<Main>(String[] args)
Using launch settings from /home/razer_admin/workspace/on-class-study/projects/cnweb/GameStore/GameStore.ApiGateway/Properties/launchSettings.json...
Building...
Unhandled exception. System.IO.FileNotFoundException: The configuration file 'ocelot.json' was not found and is not optional. The expected physical path was '/home/razer_admin/workspace/on-class-study/projects/cnweb/GameStore/GameStore.ApiGateway/ocelot.json'.
   at Microsoft.Extensions.Configuration.FileConfigurationProvider.Load(Boolean reload)
   at Microsoft.Extensions.Configuration.ConfigurationManager.AddSource(IConfigurationSource source)
   at Microsoft.Extensions.Configuration.ConfigurationManager.Microsoft.Extensions.Configuration.IConfigurationBuilder.Add(IConfigurationSource source)
   at Program.<Main>$(String[] args) in /home/razer_admin/workspace/on-class-study/projects/cnweb/GameStore/GameStore.ApiGateway/Program.cs:line 6
   at Program.<Main>(String[] args)
Using launch settings from /home/razer_admin/workspace/on-class-study/projects/cnweb/GameStore/GameStore.ApiGateway/Properties/launchSettings.json...
Building...
Unhandled exception. System.IO.FileNotFoundException: The configuration file 'ocelot.json' was not found and is not optional. The expected physical path was '/home/razer_admin/workspace/on-class-study/projects/cnweb/GameStore/GameStore.ApiGateway/ocelot.json'.
   at Microsoft.Extensions.Configuration.FileConfigurationProvider.Load(Boolean reload)
   at Microsoft.Extensions.Configuration.ConfigurationManager.AddSource(IConfigurationSource source)
   at Microsoft.Extensions.Configuration.ConfigurationManager.Microsoft.Extensions.Configuration.IConfigurationBuilder.Add(IConfigurationSource source)
   at Program.<Main>$(String[] args) in /home/razer_admin/workspace/on-class-study/projects/cnweb/GameStore/GameStore.ApiGateway/Program.cs:line 6
   at Program.<Main>(String[] args)
Using launch settings from /home/razer_admin/workspace/on-class-study/projects/cnweb/GameStore/GameStore.ApiGateway/Properties/launchSettings.json...
Building...
Unhandled exception. System.IO.FileNotFoundException: The configuration file 'ocelot.json' was not found and is not optional. The expected physical path was '/home/razer_admin/workspace/on-class-study/projects/cnweb/GameStore/GameStore.ApiGateway/ocelot.json'.
   at Microsoft.Extensions.Configuration.FileConfigurationProvider.Load(Boolean reload)
   at Microsoft.Extensions.Configuration.ConfigurationManager.AddSource(IConfigurationSource source)
   at Microsoft.Extensions.Configuration.ConfigurationManager.Microsoft.Extensions.Configuration.IConfigurationBuilder.Add(IConfigurationSource source)
   at Program.<Main>$(String[] args) in /home/razer_admin/workspace/on-class-study/projects/cnweb/GameStore/GameStore.ApiGateway/Program.cs:line 6
   at Program.<Main>(String[] args)
Using launch settings from /home/razer_admin/workspace/on-class-study/projects/cnweb/GameStore/GameStore.ApiGateway/Properties/launchSettings.json...
Building...
Unhandled exception. System.IO.FileNotFoundException: The configuration file 'ocelot.json' was not found and is not optional. The expected physical path was '/home/razer_admin/workspace/on-class-study/projects/cnweb/GameStore/GameStore.ApiGateway/ocelot.json'.
   at Microsoft.Extensions.Configuration.FileConfigurationProvider.Load(Boolean reload)
   at Microsoft.Extensions.Configuration.ConfigurationManager.AddSource(IConfigurationSource source)
   at Microsoft.Extensions.Configuration.ConfigurationManager.Microsoft.Extensions.Configuration.IConfigurationBuilder.Add(IConfigurationSource source)
   at Program.<Main>$(String[] args) in /home/razer_admin/workspace/on-class-study/projects/cnweb/GameStore/GameStore.ApiGateway/Program.cs:line 6
   at Program.<Main>(String[] args)
Using launch settings from /home/razer_admin/workspace/on-class-study/projects/cnweb/GameStore/GameStore.ApiGateway/Properties/launchSettings.json...
Building...
Unhandled exception. System.IO.FileNotFoundException: The configuration file 'ocelot.json' was not found and is not optional. The expected physical path was '/home/razer_admin/workspace/on-class-study/projects/cnweb/GameStore/GameStore.ApiGateway/ocelot.json'.
   at Microsoft.Extensions.Configuration.FileConfigurationProvider.Load(Boolean reload)
   at Microsoft.Extensions.Configuration.ConfigurationManager.AddSource(IConfigurationSource source)
   at Microsoft.Extensions.Configuration.ConfigurationManager.Microsoft.Extensions.Configuration.IConfigurationBuilder.Add(IConfigurationSource source)
   at Program.<Main>$(String[] args) in /home/razer_admin/workspace/on-class-study/projects/cnweb/GameStore/GameStore.ApiGateway/Program.cs:line 6
   at Program.<Main>(String[] args)
Using launch settings from /home/razer_admin/workspace/on-class-study/projects/cnweb/GameStore/GameStore.ApiGateway/Properties/launchSettings.json...
Building...
Unhandled exception. System.IO.FileNotFoundException: The configuration file 'ocelot.json' was not found and is not optional. The expected physical path was '/home/razer_admin/workspace/on-class-study/projects/cnweb/GameStore/GameStore.ApiGateway/ocelot.json'.
   at Microsoft.Extensions.Configuration.FileConfigurationProvider.Load(Boolean reload)
   at Microsoft.Extensions.Configuration.ConfigurationManager.AddSource(IConfigurationSource source)
   at Microsoft.Extensions.Configuration.ConfigurationManager.Microsoft.Extensions.Configuration.IConfigurationBuilder.Add(IConfigurationSource source)
   at Program.<Main>$(String[] args) in /home/razer_admin/workspace/on-class-study/projects/cnweb/GameStore/GameStore.ApiGateway/Program.cs:line 6
   at Program.<Main>(String[] args)
