info: Microsoft.Hosting.Lifetime[0]
      Application is shutting down...
Using launch settings from /home/razer_admin/workspace/on-class-study/projects/cnweb/GameStore/GameStore.AuthService/Properties/launchSettings.json...
Building...
info: Microsoft.EntityFrameworkCore.Database.Command[20101]
      Executed DbCommand (50ms) [Parameters=[], CommandType='Text', CommandTimeout='30']
      SELECT 1
info: Microsoft.EntityFrameworkCore.Database.Command[20101]
      Executed DbCommand (27ms) [Parameters=[], CommandType='Text', CommandTimeout='30']
      
      IF EXISTS
          (SELECT *
           FROM [sys].[objects] o
           WHERE [o].[type] = 'U'
           AND [o].[is_ms_shipped] = 0
           AND [o].[object_id] NOT IN (SELECT [ep].[major_id]
              FROM [sys].[extended_properties] AS [ep]
              WHERE [ep].[minor_id] = 0
                  AND [ep].[class] = 1
                  AND [ep].[name] = N'microsoft_database_tools_support'
          )
      )
      SELECT 1 ELSE SELECT 0
info: Microsoft.Hosting.Lifetime[14]
      Now listening on: http://0.0.0.0:5002
info: Microsoft.Hosting.Lifetime[0]
      Application started. Press Ctrl+C to shut down.
info: Microsoft.Hosting.Lifetime[0]
      Hosting environment: Development
info: Microsoft.Hosting.Lifetime[0]
      Content root path: /home/razer_admin/workspace/on-class-study/projects/cnweb/GameStore/GameStore.AuthService
info: Microsoft.EntityFrameworkCore.Database.Command[20101]
      Executed DbCommand (32ms) [Parameters=[@username='?' (Size = 450)], CommandType='Text', CommandTimeout='30']
      SELECT CASE
          WHEN EXISTS (
              SELECT 1
              FROM [Users] AS [u]
              WHERE [u].[Username] = @username) THEN CAST(1 AS bit)
          ELSE CAST(0 AS bit)
      END
info: Microsoft.EntityFrameworkCore.Database.Command[20101]
      Executed DbCommand (3ms) [Parameters=[@email='?' (Size = 4000)], CommandType='Text', CommandTimeout='30']
      SELECT CASE
          WHEN EXISTS (
              SELECT 1
              FROM [Users] AS [u]
              WHERE [u].[Email] = @email) THEN CAST(1 AS bit)
          ELSE CAST(0 AS bit)
      END
info: Microsoft.EntityFrameworkCore.Database.Command[20101]
      Executed DbCommand (9ms) [Parameters=[@p0='?' (Size = 4000), @p1='?' (DbType = DateTime2), @p2='?' (Size = 4000), @p3='?' (Size = 4000), @p4='?' (DbType = Boolean), @p5='?' (Size = 4000), @p6='?' (Size = 4000), @p7='?' (Size = 8000) (DbType = Binary), @p8='?' (Size = 450), @p9='?' (Precision = 18) (Scale = 2) (DbType = Decimal)], CommandType='Text', CommandTimeout='30']
      SET IMPLICIT_TRANSACTIONS OFF;
      SET NOCOUNT ON;
      INSERT INTO [Users] ([AvatarUrl], [CreatedAt], [DisplayName], [Email], [IsActive], [Password], [Phone], [Salt], [Username], [Wallet])
      OUTPUT INSERTED.[Id]
      VALUES (@p0, @p1, @p2, @p3, @p4, @p5, @p6, @p7, @p8, @p9);
info: Microsoft.EntityFrameworkCore.Database.Command[20101]
      Executed DbCommand (7ms) [Parameters=[@username='?' (Size = 450)], CommandType='Text', CommandTimeout='30']
      SELECT TOP(1) [u].[Id], [u].[AvatarUrl], [u].[CreatedAt], [u].[DisplayName], [u].[Email], [u].[IsActive], [u].[Password], [u].[Phone], [u].[Salt], [u].[Username], [u].[Wallet]
      FROM [Users] AS [u]
      WHERE [u].[Username] = @username AND [u].[IsActive] = CAST(1 AS bit)
info: Microsoft.Hosting.Lifetime[0]
      Application is shutting down...
Using launch settings from /home/razer_admin/workspace/on-class-study/projects/cnweb/GameStore/GameStore.AuthService/Properties/launchSettings.json...
Building...
info: Microsoft.EntityFrameworkCore.Database.Command[20101]
      Executed DbCommand (46ms) [Parameters=[], CommandType='Text', CommandTimeout='30']
      SELECT 1
info: Microsoft.EntityFrameworkCore.Database.Command[20101]
      Executed DbCommand (14ms) [Parameters=[], CommandType='Text', CommandTimeout='30']
      
      IF EXISTS
          (SELECT *
           FROM [sys].[objects] o
           WHERE [o].[type] = 'U'
           AND [o].[is_ms_shipped] = 0
           AND [o].[object_id] NOT IN (SELECT [ep].[major_id]
              FROM [sys].[extended_properties] AS [ep]
              WHERE [ep].[minor_id] = 0
                  AND [ep].[class] = 1
                  AND [ep].[name] = N'microsoft_database_tools_support'
          )
      )
      SELECT 1 ELSE SELECT 0
info: Microsoft.Hosting.Lifetime[14]
      Now listening on: http://0.0.0.0:5002
info: Microsoft.Hosting.Lifetime[0]
      Application started. Press Ctrl+C to shut down.
info: Microsoft.Hosting.Lifetime[0]
      Hosting environment: Development
info: Microsoft.Hosting.Lifetime[0]
      Content root path: /home/razer_admin/workspace/on-class-study/projects/cnweb/GameStore/GameStore.AuthService
info: Microsoft.EntityFrameworkCore.Database.Command[20101]
      Executed DbCommand (29ms) [Parameters=[@username='?' (Size = 450)], CommandType='Text', CommandTimeout='30']
      SELECT TOP(1) [u].[Id], [u].[AvatarUrl], [u].[CreatedAt], [u].[DisplayName], [u].[Email], [u].[IsActive], [u].[Password], [u].[Phone], [u].[Salt], [u].[Username], [u].[Wallet]
      FROM [Users] AS [u]
      WHERE [u].[Username] = @username AND [u].[IsActive] = CAST(1 AS bit)
info: Microsoft.Hosting.Lifetime[0]
      Application is shutting down...
Using launch settings from /home/razer_admin/workspace/on-class-study/projects/cnweb/GameStore/GameStore.AuthService/Properties/launchSettings.json...
Building...
info: Microsoft.EntityFrameworkCore.Database.Command[20101]
      Executed DbCommand (39ms) [Parameters=[], CommandType='Text', CommandTimeout='30']
      SELECT 1
info: Microsoft.EntityFrameworkCore.Database.Command[20101]
      Executed DbCommand (20ms) [Parameters=[], CommandType='Text', CommandTimeout='30']
      
      IF EXISTS
          (SELECT *
           FROM [sys].[objects] o
           WHERE [o].[type] = 'U'
           AND [o].[is_ms_shipped] = 0
           AND [o].[object_id] NOT IN (SELECT [ep].[major_id]
              FROM [sys].[extended_properties] AS [ep]
              WHERE [ep].[minor_id] = 0
                  AND [ep].[class] = 1
                  AND [ep].[name] = N'microsoft_database_tools_support'
          )
      )
      SELECT 1 ELSE SELECT 0
info: Microsoft.Hosting.Lifetime[14]
      Now listening on: http://0.0.0.0:5002
info: Microsoft.Hosting.Lifetime[0]
      Application started. Press Ctrl+C to shut down.
info: Microsoft.Hosting.Lifetime[0]
      Hosting environment: Development
info: Microsoft.Hosting.Lifetime[0]
      Content root path: /home/razer_admin/workspace/on-class-study/projects/cnweb/GameStore/GameStore.AuthService
info: Microsoft.EntityFrameworkCore.Database.Command[20101]
      Executed DbCommand (27ms) [Parameters=[@username='?' (Size = 450)], CommandType='Text', CommandTimeout='30']
      SELECT TOP(1) [u].[Id], [u].[AvatarUrl], [u].[CreatedAt], [u].[DisplayName], [u].[Email], [u].[IsActive], [u].[Password], [u].[Phone], [u].[Salt], [u].[Username], [u].[Wallet]
      FROM [Users] AS [u]
      WHERE [u].[Username] = @username AND [u].[IsActive] = CAST(1 AS bit)
info: Microsoft.EntityFrameworkCore.Database.Command[20101]
      Executed DbCommand (3ms) [Parameters=[@username='?' (Size = 450)], CommandType='Text', CommandTimeout='30']
      SELECT TOP(1) [u].[Id], [u].[AvatarUrl], [u].[CreatedAt], [u].[DisplayName], [u].[Email], [u].[IsActive], [u].[Password], [u].[Phone], [u].[Salt], [u].[Username], [u].[Wallet]
      FROM [Users] AS [u]
      WHERE [u].[Username] = @username AND [u].[IsActive] = CAST(1 AS bit)
info: Microsoft.EntityFrameworkCore.Database.Command[20101]
      Executed DbCommand (2ms) [Parameters=[@username='?' (Size = 450)], CommandType='Text', CommandTimeout='30']
      SELECT TOP(1) [u].[Id], [u].[AvatarUrl], [u].[CreatedAt], [u].[DisplayName], [u].[Email], [u].[IsActive], [u].[Password], [u].[Phone], [u].[Salt], [u].[Username], [u].[Wallet]
      FROM [Users] AS [u]
      WHERE [u].[Username] = @username AND [u].[IsActive] = CAST(1 AS bit)
info: Microsoft.EntityFrameworkCore.Database.Command[20101]
      Executed DbCommand (2ms) [Parameters=[@username='?' (Size = 450)], CommandType='Text', CommandTimeout='30']
      SELECT TOP(1) [u].[Id], [u].[AvatarUrl], [u].[CreatedAt], [u].[DisplayName], [u].[Email], [u].[IsActive], [u].[Password], [u].[Phone], [u].[Salt], [u].[Username], [u].[Wallet]
      FROM [Users] AS [u]
      WHERE [u].[Username] = @username AND [u].[IsActive] = CAST(1 AS bit)
info: Microsoft.Hosting.Lifetime[0]
      Application is shutting down...
Using launch settings from /home/razer_admin/workspace/on-class-study/projects/cnweb/GameStore/GameStore.AuthService/Properties/launchSettings.json...
Building...
info: Microsoft.EntityFrameworkCore.Database.Command[20101]
      Executed DbCommand (41ms) [Parameters=[], CommandType='Text', CommandTimeout='30']
      SELECT 1
info: Microsoft.EntityFrameworkCore.Database.Command[20101]
      Executed DbCommand (24ms) [Parameters=[], CommandType='Text', CommandTimeout='30']
      
      IF EXISTS
          (SELECT *
           FROM [sys].[objects] o
           WHERE [o].[type] = 'U'
           AND [o].[is_ms_shipped] = 0
           AND [o].[object_id] NOT IN (SELECT [ep].[major_id]
              FROM [sys].[extended_properties] AS [ep]
              WHERE [ep].[minor_id] = 0
                  AND [ep].[class] = 1
                  AND [ep].[name] = N'microsoft_database_tools_support'
          )
      )
      SELECT 1 ELSE SELECT 0
info: Microsoft.Hosting.Lifetime[14]
      Now listening on: http://0.0.0.0:5002
info: Microsoft.Hosting.Lifetime[0]
      Application started. Press Ctrl+C to shut down.
info: Microsoft.Hosting.Lifetime[0]
      Hosting environment: Development
info: Microsoft.Hosting.Lifetime[0]
      Content root path: /home/razer_admin/workspace/on-class-study/projects/cnweb/GameStore/GameStore.AuthService
info: Microsoft.EntityFrameworkCore.Database.Command[20101]
      Executed DbCommand (30ms) [Parameters=[@username='?' (Size = 450)], CommandType='Text', CommandTimeout='30']
      SELECT TOP(1) [u].[Id], [u].[AvatarUrl], [u].[CreatedAt], [u].[DisplayName], [u].[Email], [u].[IsActive], [u].[Password], [u].[Phone], [u].[Salt], [u].[Username], [u].[Wallet]
      FROM [Users] AS [u]
      WHERE [u].[Username] = @username AND [u].[IsActive] = CAST(1 AS bit)
info: Microsoft.EntityFrameworkCore.Database.Command[20101]
      Executed DbCommand (3ms) [Parameters=[@username='?' (Size = 450)], CommandType='Text', CommandTimeout='30']
      SELECT TOP(1) [u].[Id], [u].[AvatarUrl], [u].[CreatedAt], [u].[DisplayName], [u].[Email], [u].[IsActive], [u].[Password], [u].[Phone], [u].[Salt], [u].[Username], [u].[Wallet]
      FROM [Users] AS [u]
      WHERE [u].[Username] = @username AND [u].[IsActive] = CAST(1 AS bit)
info: Microsoft.Hosting.Lifetime[0]
      Application is shutting down...
Using launch settings from /home/razer_admin/workspace/on-class-study/projects/cnweb/GameStore/GameStore.AuthService/Properties/launchSettings.json...
Building...
info: Microsoft.EntityFrameworkCore.Database.Command[20101]
      Executed DbCommand (60ms) [Parameters=[], CommandType='Text', CommandTimeout='30']
      SELECT 1
info: Microsoft.EntityFrameworkCore.Database.Command[20101]
      Executed DbCommand (34ms) [Parameters=[], CommandType='Text', CommandTimeout='30']
      
      IF EXISTS
          (SELECT *
           FROM [sys].[objects] o
           WHERE [o].[type] = 'U'
           AND [o].[is_ms_shipped] = 0
           AND [o].[object_id] NOT IN (SELECT [ep].[major_id]
              FROM [sys].[extended_properties] AS [ep]
              WHERE [ep].[minor_id] = 0
                  AND [ep].[class] = 1
                  AND [ep].[name] = N'microsoft_database_tools_support'
          )
      )
      SELECT 1 ELSE SELECT 0
info: Microsoft.Hosting.Lifetime[14]
      Now listening on: http://0.0.0.0:5002
info: Microsoft.Hosting.Lifetime[0]
      Application started. Press Ctrl+C to shut down.
info: Microsoft.Hosting.Lifetime[0]
      Hosting environment: Development
info: Microsoft.Hosting.Lifetime[0]
      Content root path: /home/razer_admin/workspace/on-class-study/projects/cnweb/GameStore/GameStore.AuthService
info: Microsoft.EntityFrameworkCore.Database.Command[20101]
      Executed DbCommand (32ms) [Parameters=[@username='?' (Size = 450)], CommandType='Text', CommandTimeout='30']
      SELECT TOP(1) [u].[Id], [u].[AvatarUrl], [u].[CreatedAt], [u].[DisplayName], [u].[Email], [u].[IsActive], [u].[Password], [u].[Phone], [u].[Salt], [u].[Username], [u].[Wallet]
      FROM [Users] AS [u]
      WHERE [u].[Username] = @username AND [u].[IsActive] = CAST(1 AS bit)
info: Microsoft.EntityFrameworkCore.Database.Command[20101]
      Executed DbCommand (9ms) [Parameters=[@user_Id='?' (DbType = Int32)], CommandType='Text', CommandTimeout='30']
      SELECT TOP(1) [u].[Id], [u].[Created], [u].[CreatedBy], [u].[CreatedDateTime], [u].[CreatedUser], [u].[Guid], [u].[IsDeleted], [u].[Modified], [u].[ModifiedBy], [u].[RoleId], [u].[UserId], [r].[Id], [r].[Created], [r].[CreatedBy], [r].[CreatedDateTime], [r].[CreatedUser], [r].[Description], [r].[Guid], [r].[IsActive], [r].[IsDeleted], [r].[Modified], [r].[ModifiedBy], [r].[Name]
      FROM [UserRoles] AS [u]
      INNER JOIN [Roles] AS [r] ON [u].[RoleId] = [r].[Id]
      WHERE [u].[UserId] = @user_Id
info: Microsoft.EntityFrameworkCore.Database.Command[20101]
      Executed DbCommand (2ms) [Parameters=[@username='?' (Size = 450)], CommandType='Text', CommandTimeout='30']
      SELECT TOP(1) [u].[Id], [u].[AvatarUrl], [u].[CreatedAt], [u].[DisplayName], [u].[Email], [u].[IsActive], [u].[Password], [u].[Phone], [u].[Salt], [u].[Username], [u].[Wallet]
      FROM [Users] AS [u]
      WHERE [u].[Username] = @username AND [u].[IsActive] = CAST(1 AS bit)
info: Microsoft.EntityFrameworkCore.Database.Command[20101]
      Executed DbCommand (2ms) [Parameters=[@user_Id='?' (DbType = Int32)], CommandType='Text', CommandTimeout='30']
      SELECT TOP(1) [u].[Id], [u].[Created], [u].[CreatedBy], [u].[CreatedDateTime], [u].[CreatedUser], [u].[Guid], [u].[IsDeleted], [u].[Modified], [u].[ModifiedBy], [u].[RoleId], [u].[UserId], [r].[Id], [r].[Created], [r].[CreatedBy], [r].[CreatedDateTime], [r].[CreatedUser], [r].[Description], [r].[Guid], [r].[IsActive], [r].[IsDeleted], [r].[Modified], [r].[ModifiedBy], [r].[Name]
      FROM [UserRoles] AS [u]
      INNER JOIN [Roles] AS [r] ON [u].[RoleId] = [r].[Id]
      WHERE [u].[UserId] = @user_Id
info: Microsoft.Hosting.Lifetime[0]
      Application is shutting down...
Using launch settings from /home/razer_admin/workspace/on-class-study/projects/cnweb/GameStore/GameStore.AuthService/Properties/launchSettings.json...
Building...
info: Microsoft.EntityFrameworkCore.Database.Command[20101]
      Executed DbCommand (55ms) [Parameters=[], CommandType='Text', CommandTimeout='30']
      SELECT 1
info: Microsoft.EntityFrameworkCore.Database.Command[20101]
      Executed DbCommand (20ms) [Parameters=[], CommandType='Text', CommandTimeout='30']
      
      IF EXISTS
          (SELECT *
           FROM [sys].[objects] o
           WHERE [o].[type] = 'U'
           AND [o].[is_ms_shipped] = 0
           AND [o].[object_id] NOT IN (SELECT [ep].[major_id]
              FROM [sys].[extended_properties] AS [ep]
              WHERE [ep].[minor_id] = 0
                  AND [ep].[class] = 1
                  AND [ep].[name] = N'microsoft_database_tools_support'
          )
      )
      SELECT 1 ELSE SELECT 0
info: Microsoft.Hosting.Lifetime[14]
      Now listening on: http://0.0.0.0:5002
info: Microsoft.Hosting.Lifetime[0]
      Application started. Press Ctrl+C to shut down.
info: Microsoft.Hosting.Lifetime[0]
      Hosting environment: Development
info: Microsoft.Hosting.Lifetime[0]
      Content root path: /home/razer_admin/workspace/on-class-study/projects/cnweb/GameStore/GameStore.AuthService
info: Microsoft.EntityFrameworkCore.Database.Command[20101]
      Executed DbCommand (29ms) [Parameters=[@username='?' (Size = 450)], CommandType='Text', CommandTimeout='30']
      SELECT TOP(1) [u].[Id], [u].[AvatarUrl], [u].[CreatedAt], [u].[DisplayName], [u].[Email], [u].[IsActive], [u].[Password], [u].[Phone], [u].[Salt], [u].[Username], [u].[Wallet]
      FROM [Users] AS [u]
      WHERE [u].[Username] = @username AND [u].[IsActive] = CAST(1 AS bit)
info: Microsoft.EntityFrameworkCore.Database.Command[20101]
      Executed DbCommand (2ms) [Parameters=[@username='?' (Size = 450)], CommandType='Text', CommandTimeout='30']
      SELECT TOP(1) [u].[Id], [u].[AvatarUrl], [u].[CreatedAt], [u].[DisplayName], [u].[Email], [u].[IsActive], [u].[Password], [u].[Phone], [u].[Salt], [u].[Username], [u].[Wallet]
      FROM [Users] AS [u]
      WHERE [u].[Username] = @username AND [u].[IsActive] = CAST(1 AS bit)
info: Microsoft.EntityFrameworkCore.Database.Command[20101]
      Executed DbCommand (2ms) [Parameters=[@username='?' (Size = 450)], CommandType='Text', CommandTimeout='30']
      SELECT TOP(1) [u].[Id], [u].[AvatarUrl], [u].[CreatedAt], [u].[DisplayName], [u].[Email], [u].[IsActive], [u].[Password], [u].[Phone], [u].[Salt], [u].[Username], [u].[Wallet]
      FROM [Users] AS [u]
      WHERE [u].[Username] = @username AND [u].[IsActive] = CAST(1 AS bit)
info: Microsoft.EntityFrameworkCore.Database.Command[20101]
      Executed DbCommand (2ms) [Parameters=[@username='?' (Size = 450)], CommandType='Text', CommandTimeout='30']
      SELECT TOP(1) [u].[Id], [u].[AvatarUrl], [u].[CreatedAt], [u].[DisplayName], [u].[Email], [u].[IsActive], [u].[Password], [u].[Phone], [u].[Salt], [u].[Username], [u].[Wallet]
      FROM [Users] AS [u]
      WHERE [u].[Username] = @username AND [u].[IsActive] = CAST(1 AS bit)
info: Microsoft.EntityFrameworkCore.Database.Command[20101]
      Executed DbCommand (3ms) [Parameters=[@username='?' (Size = 450)], CommandType='Text', CommandTimeout='30']
      SELECT TOP(1) [u].[Id], [u].[AvatarUrl], [u].[CreatedAt], [u].[DisplayName], [u].[Email], [u].[IsActive], [u].[Password], [u].[Phone], [u].[Salt], [u].[Username], [u].[Wallet]
      FROM [Users] AS [u]
      WHERE [u].[Username] = @username AND [u].[IsActive] = CAST(1 AS bit)
info: Microsoft.EntityFrameworkCore.Database.Command[20101]
      Executed DbCommand (2ms) [Parameters=[@username='?' (Size = 450)], CommandType='Text', CommandTimeout='30']
      SELECT TOP(1) [u].[Id], [u].[AvatarUrl], [u].[CreatedAt], [u].[DisplayName], [u].[Email], [u].[IsActive], [u].[Password], [u].[Phone], [u].[Salt], [u].[Username], [u].[Wallet]
      FROM [Users] AS [u]
      WHERE [u].[Username] = @username AND [u].[IsActive] = CAST(1 AS bit)
info: Microsoft.EntityFrameworkCore.Database.Command[20101]
      Executed DbCommand (6ms) [Parameters=[@username='?' (Size = 450)], CommandType='Text', CommandTimeout='30']
      SELECT TOP(1) [u].[Id], [u].[AvatarUrl], [u].[CreatedAt], [u].[DisplayName], [u].[Email], [u].[IsActive], [u].[Password], [u].[Phone], [u].[Salt], [u].[Username], [u].[Wallet]
      FROM [Users] AS [u]
      WHERE [u].[Username] = @username AND [u].[IsActive] = CAST(1 AS bit)
info: Microsoft.EntityFrameworkCore.Database.Command[20101]
      Executed DbCommand (7ms) [Parameters=[@p0='?' (Size = 4000), @p1='?' (DbType = DateTime2), @p2='?' (Size = 4000), @p3='?' (Size = 4000), @p4='?' (DbType = Boolean), @p5='?' (Size = 4000), @p6='?' (Size = 4000), @p7='?' (Size = 8000) (DbType = Binary), @p8='?' (Size = 450), @p9='?' (Precision = 18) (Scale = 2) (DbType = Decimal)], CommandType='Text', CommandTimeout='30']
      SET IMPLICIT_TRANSACTIONS OFF;
      SET NOCOUNT ON;
      INSERT INTO [Users] ([AvatarUrl], [CreatedAt], [DisplayName], [Email], [IsActive], [Password], [Phone], [Salt], [Username], [Wallet])
      OUTPUT INSERTED.[Id]
      VALUES (@p0, @p1, @p2, @p3, @p4, @p5, @p6, @p7, @p8, @p9);
info: Microsoft.EntityFrameworkCore.Database.Command[20101]
      Executed DbCommand (2ms) [Parameters=[@username='?' (Size = 450)], CommandType='Text', CommandTimeout='30']
      SELECT TOP(1) [u].[Id], [u].[AvatarUrl], [u].[CreatedAt], [u].[DisplayName], [u].[Email], [u].[IsActive], [u].[Password], [u].[Phone], [u].[Salt], [u].[Username], [u].[Wallet]
      FROM [Users] AS [u]
      WHERE [u].[Username] = @username AND [u].[IsActive] = CAST(1 AS bit)
info: Microsoft.EntityFrameworkCore.Database.Command[20101]
      Executed DbCommand (2ms) [Parameters=[@username='?' (Size = 450)], CommandType='Text', CommandTimeout='30']
      SELECT TOP(1) [u].[Id], [u].[AvatarUrl], [u].[CreatedAt], [u].[DisplayName], [u].[Email], [u].[IsActive], [u].[Password], [u].[Phone], [u].[Salt], [u].[Username], [u].[Wallet]
      FROM [Users] AS [u]
      WHERE [u].[Username] = @username AND [u].[IsActive] = CAST(1 AS bit)
info: Microsoft.EntityFrameworkCore.Database.Command[20101]
      Executed DbCommand (1ms) [Parameters=[@user_Id='?' (DbType = Int32)], CommandType='Text', CommandTimeout='30']
      SELECT TOP(1) [u].[Id], [u].[Created], [u].[CreatedBy], [u].[CreatedDateTime], [u].[CreatedUser], [u].[Guid], [u].[IsDeleted], [u].[Modified], [u].[ModifiedBy], [u].[RoleId], [u].[UserId], [r].[Id], [r].[Created], [r].[CreatedBy], [r].[CreatedDateTime], [r].[CreatedUser], [r].[Description], [r].[Guid], [r].[IsActive], [r].[IsDeleted], [r].[Modified], [r].[ModifiedBy], [r].[Name]
      FROM [UserRoles] AS [u]
      INNER JOIN [Roles] AS [r] ON [u].[RoleId] = [r].[Id]
      WHERE [u].[UserId] = @user_Id
info: Microsoft.Hosting.Lifetime[0]
      Application is shutting down...
