
> gamestore-webclient@0.0.0 dev
> vite

[32m✔[0m [33mConsole Ninja[0m extension is connected to [33mVite[0m, see [36mhttps://tinyurl.com/2vt8jxzw[0m
8:13:43 PM [vite] (client) Re-optimizing dependencies because lockfile has changed

  VITE v8.0.10  ready in 732 ms

  ➜  Local:   http://localhost:5173/
  ➜  Network: use --host to expose

> gamestore-webclient@0.0.0 dev
> vite

[32m✔[0m [33mConsole Ninja[0m extension is connected to [33mVite[0m, see [36mhttps://tinyurl.com/2vt8jxzw[0m
8:35:10 PM [vite] (client) Re-optimizing dependencies because lockfile has changed

  VITE v8.0.10  ready in 788 ms

  ➜  Local:   http://localhost:5173/
  ➜  Network: use --host to expose

> gamestore-webclient@0.0.0 dev
> vite

[32m✔[0m [33mConsole Ninja[0m extension is connected to [33mVite[0m, see [36mhttps://tinyurl.com/2vt8jxzw[0m

  VITE v8.0.10  ready in 420 ms

  ➜  Local:   http://localhost:3000/
  ➜  Network: use --host to expose
9:02:29 PM [vite] (client) hmr update /src/components/layout/Footer.jsx

> gamestore-webclient@0.0.0 dev
> vite

[32m✔[0m [33mConsole Ninja[0m extension is connected to [33mVite[0m, see [36mhttps://tinyurl.com/2vt8jxzw[0m

  VITE v8.0.10  ready in 431 ms

  ➜  Local:   http://localhost:3000/
  ➜  Network: use --host to expose
9:05:24 PM [vite] vite.config.js changed, restarting server...
9:05:24 PM [vite] server restarted.
9:05:25 PM [vite] vite.config.js changed, restarting server...
9:05:25 PM [vite] server restarted.

> gamestore-webclient@0.0.0 dev
> vite

[32m✔[0m [33mConsole Ninja[0m extension is connected to [33mVite[0m, see [36mhttps://tinyurl.com/2vt8jxzw[0m

  VITE v8.0.10  ready in 423 ms

  ➜  Local:   http://localhost:3000/
  ➜  Network: use --host to expose

> gamestore-webclient@0.0.0 dev
> vite

[32m✔[0m [33mConsole Ninja[0m extension is connected to [33mVite[0m, see [36mhttps://tinyurl.com/2vt8jxzw[0m

  VITE v8.0.10  ready in 480 ms

  ➜  Local:   http://localhost:3000/
  ➜  Network: use --host to expose

> gamestore-webclient@0.0.0 dev
> vite

[32m✔[0m [33mConsole Ninja[0m extension is connected to [33mVite[0m, see [36mhttps://tinyurl.com/2vt8jxzw[0m

  VITE v8.0.10  ready in 513 ms

  ➜  Local:   http://localhost:3000/
  ➜  Network: use --host to expose
9:27:54 PM [vite] http proxy error: /api/games/featured?count=12
Error: connect ETIMEDOUT 127.0.0.1:5000
    at TCPConnectWrap.afterConnect [as oncomplete] (node:net:1637:16)
9:27:54 PM [vite] http proxy error: /api/genres
Error: connect ETIMEDOUT 127.0.0.1:5000
    at TCPConnectWrap.afterConnect [as oncomplete] (node:net:1637:16)
9:28:04 PM [vite] http proxy error: /api/games?page=1&pageSize=24&sortBy=sales
Error: connect ETIMEDOUT 127.0.0.1:5000
    at TCPConnectWrap.afterConnect [as oncomplete] (node:net:1637:16)
9:28:14 PM [vite] http proxy error: /api/genres
Error: connect ETIMEDOUT 127.0.0.1:5000
    at TCPConnectWrap.afterConnect [as oncomplete] (node:net:1637:16)
9:28:14 PM [vite] http proxy error: /api/games/featured?count=12
Error: connect ETIMEDOUT 127.0.0.1:5000
    at TCPConnectWrap.afterConnect [as oncomplete] (node:net:1637:16)
9:28:25 PM [vite] http proxy error: /api/genres
Error: connect ETIMEDOUT 127.0.0.1:5000
    at TCPConnectWrap.afterConnect [as oncomplete] (node:net:1637:16)
9:30:09 PM [vite] http proxy error: /api/games?page=1&pageSize=24&sortBy=sales
Error: connect ETIMEDOUT 127.0.0.1:5000
    at TCPConnectWrap.afterConnect [as oncomplete] (node:net:1637:16)
9:30:09 PM [vite] http proxy error: /api/genres
Error: connect ETIMEDOUT 127.0.0.1:5000
    at TCPConnectWrap.afterConnect [as oncomplete] (node:net:1637:16)
9:30:19 PM [vite] http proxy error: /api/genres
Error: connect ETIMEDOUT 127.0.0.1:5000
    at TCPConnectWrap.afterConnect [as oncomplete] (node:net:1637:16)
9:30:29 PM [vite] http proxy error: /api/genres
Error: connect ETIMEDOUT 127.0.0.1:5000
    at TCPConnectWrap.afterConnect [as oncomplete] (node:net:1637:16)
9:30:29 PM [vite] http proxy error: /api/games?page=1&pageSize=24&sortBy=sales
Error: connect ETIMEDOUT 127.0.0.1:5000
    at TCPConnectWrap.afterConnect [as oncomplete] (node:net:1637:16)
9:30:40 PM [vite] http proxy error: /api/games?page=1&pageSize=24&sortBy=sales
Error: connect ETIMEDOUT 127.0.0.1:5000
    at TCPConnectWrap.afterConnect [as oncomplete] (node:net:1637:16)
9:32:24 PM [vite] http proxy error: /api/genres
Error: connect ETIMEDOUT 127.0.0.1:5000
    at TCPConnectWrap.afterConnect [as oncomplete] (node:net:1637:16)
9:32:24 PM [vite] http proxy error: /api/games/featured?count=12
Error: connect ETIMEDOUT 127.0.0.1:5000
    at TCPConnectWrap.afterConnect [as oncomplete] (node:net:1637:16)
9:32:34 PM [vite] http proxy error: /api/games/featured?count=12
Error: connect ETIMEDOUT 127.0.0.1:5000
    at TCPConnectWrap.afterConnect [as oncomplete] (node:net:1637:16)
9:32:45 PM [vite] http proxy error: /api/genres
Error: connect ETIMEDOUT 127.0.0.1:5000
    at TCPConnectWrap.afterConnect [as oncomplete] (node:net:1637:16)

> gamestore-webclient@0.0.0 dev
> vite

[32m✔[0m [33mConsole Ninja[0m extension is connected to [33mVite[0m, see [36mhttps://tinyurl.com/2vt8jxzw[0m

  VITE v8.0.10  ready in 464 ms

  ➜  Local:   http://localhost:3000/
  ➜  Network: use --host to expose
