
> gamestore-webclient@0.0.0 dev
> vite

[32m✔[0m [33mConsole Ninja[0m extension is connected to [33mVite[0m, see [36mhttps://tinyurl.com/2vt8jxzw[0m

  VITE v8.0.10  ready in 1431 ms

  ➜  Local:   http://localhost:3000/
  ➜  Network: use --host to expose
12:16:33 AM [vite] (client) hmr update /src/components/layout/Navbar.jsx
12:17:56 AM [vite] (client) hmr update /src/components/layout/Navbar.jsx
12:19:22 AM [vite] (client) hmr update /src/components/wallet/WalletModal.jsx
12:20:25 AM [vite] (client) hmr update /src/components/layout/Navbar.jsx
12:20:25 AM [vite] (client) hmr update /src/components/layout/Navbar.jsx
12:29:56 AM [vite] (client) hmr update /src/contexts/AuthContext.jsx, /src/pages/HomePage.jsx, /src/pages/StorePage.jsx, /src/pages/CartPage.jsx, /src/pages/AdminPage.jsx, /src/pages/GameDetailPage.jsx, /src/components/wallet/WalletModal.jsx
12:29:56 AM [vite] (client) hmr invalidate /src/contexts/AuthContext.jsx Could not Fast Refresh ("useAuth" export is incompatible). Learn more at https://github.com/vitejs/vite-plugin-react/tree/main/packages/plugin-react#consistent-components-exports
12:29:56 AM [vite] (client) hmr update /src/App.jsx, /src/pages/LoginPage.jsx, /src/pages/RegisterPage.jsx, /src/pages/CartPage.jsx, /src/pages/AdminPage.jsx, /src/components/layout/Navbar.jsx, /src/components/wallet/WalletModal.jsx
12:30:23 AM [vite] (client) hmr update /src/pages/LibraryPage.jsx
12:30:35 AM [vite] (client) hmr update /src/pages/LibraryPage.jsx
12:30:37 AM [vite] (client) hmr update /src/pages/LibraryPage.jsx
12:30:46 AM [vite] (client) hmr update /src/pages/LibraryPage.jsx
12:30:46 AM [vite] (client) hmr update /src/pages/LibraryPage.jsx

> gamestore-webclient@0.0.0 dev
> vite

[32m✔[0m [33mConsole Ninja[0m extension is connected to [33mVite[0m, see [36mhttps://tinyurl.com/2vt8jxzw[0m

  VITE v8.0.10  ready in 885 ms

  ➜  Local:   http://localhost:3000/
  ➜  Network: use --host to expose
12:55:18 AM [vite] (client) ✨ new dependencies optimized: react-hot-toast
12:59:01 AM [vite] (client) hmr update /src/pages/StorePage.jsx

> gamestore-webclient@0.0.0 dev
> vite

[32m✔[0m [33mConsole Ninja[0m extension is connected to [33mVite[0m, see [36mhttps://tinyurl.com/2vt8jxzw[0m

  VITE v8.0.10  ready in 774 ms

  ➜  Local:   http://localhost:3000/
  ➜  Network: use --host to expose

> gamestore-webclient@0.0.0 dev
> vite

[32m✔[0m [33mConsole Ninja[0m extension is connected to [33mVite[0m, see [36mhttps://tinyurl.com/2vt8jxzw[0m

  VITE v8.0.10  ready in 850 ms

  ➜  Local:   http://localhost:3000/
  ➜  Network: use --host to expose
1:15:18 AM [vite] (client) hmr update /src/styles/global.css
1:15:19 AM [vite] (client) hmr update /src/styles/global.css
1:15:40 AM [vite] (client) hmr update /src/components/layout/Navbar.jsx
1:15:40 AM [vite] (client) hmr update /src/components/layout/Navbar.jsx
1:16:04 AM [vite] (client) hmr update /src/components/layout/Footer.jsx
1:16:05 AM [vite] (client) hmr update /src/components/layout/Footer.jsx
1:16:25 AM [vite] (client) hmr update /src/components/games/GameCard.jsx
1:16:25 AM [vite] (client) hmr update /src/components/games/GameCard.jsx
1:16:51 AM [vite] (client) hmr update /src/pages/HomePage.jsx
1:16:52 AM [vite] (client) hmr update /src/pages/HomePage.jsx
1:19:54 AM [vite] (client) hmr update /src/pages/AdminPage.jsx
1:25:08 AM [vite] (client) hmr update /src/pages/AdminPage.jsx
1:25:11 AM [vite] (client) hmr update /src/pages/AdminPage.jsx
1:25:11 AM [vite] (client) hmr update /src/pages/AdminPage.jsx
1:25:12 AM [vite] (client) hmr update /src/pages/AdminPage.jsx
