
> gamestore-webclient@0.0.0 dev
> vite

[32m✔[0m [33mConsole Ninja[0m extension is connected to [33mVite[0m, see [36mhttps://tinyurl.com/2vt8jxzw[0m

  VITE v8.0.10  ready in 1854 ms

  ➜  Local:   http://localhost:3000/
  ➜  Network: use --host to expose

> gamestore-webclient@0.0.0 dev
> vite

[32m✔[0m [33mConsole Ninja[0m extension is connected to [33mVite[0m, see [36mhttps://tinyurl.com/2vt8jxzw[0m

  VITE v8.0.10  ready in 739 ms

  ➜  Local:   http://localhost:3000/
  ➜  Network: use --host to expose

> gamestore-webclient@0.0.0 dev
> vite

[32m✔[0m [33mConsole Ninja[0m extension is connected to [33mVite[0m, see [36mhttps://tinyurl.com/2vt8jxzw[0m

  VITE v8.0.10  ready in 571 ms

  ➜  Local:   http://localhost:3000/
  ➜  Network: use --host to expose

> gamestore-webclient@0.0.0 dev
> vite

[32m✔[0m [33mConsole Ninja[0m extension is connected to [33mVite[0m, see [36mhttps://tinyurl.com/2vt8jxzw[0m

  VITE v8.0.10  ready in 547 ms

  ➜  Local:   http://localhost:3000/
  ➜  Network: use --host to expose
10:01:32 PM [vite] http proxy error: /api/games/featured?count=12
Error: connect ETIMEDOUT 127.0.0.1:5000
    at TCPConnectWrap.afterConnect [as oncomplete] (node:net:1637:16)
10:01:32 PM [vite] http proxy error: /api/genres
Error: connect ETIMEDOUT 127.0.0.1:5000
    at TCPConnectWrap.afterConnect [as oncomplete] (node:net:1637:16)
10:01:50 PM [vite] http proxy error: /api/genres
Error: connect ETIMEDOUT 127.0.0.1:5000
    at TCPConnectWrap.afterConnect [as oncomplete] (node:net:1637:16)
10:01:50 PM [vite] http proxy error: /api/games/featured?count=12
Error: connect ETIMEDOUT 127.0.0.1:5000
    at TCPConnectWrap.afterConnect [as oncomplete] (node:net:1637:16)

> gamestore-webclient@0.0.0 dev
> vite

[32m✔[0m [33mConsole Ninja[0m extension is connected to [33mVite[0m, see [36mhttps://tinyurl.com/2vt8jxzw[0m

  VITE v8.0.10  ready in 2329 ms

  ➜  Local:   http://localhost:3000/
  ➜  Network: use --host to expose
10:48:09 PM [vite] http proxy error: /api/genres
Error: connect ETIMEDOUT 127.0.0.1:5000
    at TCPConnectWrap.afterConnect [as oncomplete] (node:net:1637:16)
10:48:09 PM [vite] http proxy error: /api/games/featured?count=12
Error: connect ETIMEDOUT 127.0.0.1:5000
    at TCPConnectWrap.afterConnect [as oncomplete] (node:net:1637:16)
10:48:30 PM [vite] http proxy error: /api/games/featured?count=12
Error: connect ETIMEDOUT 127.0.0.1:5000
    at TCPConnectWrap.afterConnect [as oncomplete] (node:net:1637:16)
10:48:30 PM [vite] http proxy error: /api/genres
Error: connect ETIMEDOUT 127.0.0.1:5000
    at TCPConnectWrap.afterConnect [as oncomplete] (node:net:1637:16)
10:49:31 PM [vite] http proxy error: /api/genres
Error: connect ETIMEDOUT 127.0.0.1:5000
    at TCPConnectWrap.afterConnect [as oncomplete] (node:net:1637:16)
10:49:31 PM [vite] http proxy error: /api/games/featured?count=12
Error: connect ETIMEDOUT 127.0.0.1:5000
    at TCPConnectWrap.afterConnect [as oncomplete] (node:net:1637:16)
10:50:24 PM [vite] http proxy error: /api/genres
Error: connect ETIMEDOUT 127.0.0.1:5000
    at TCPConnectWrap.afterConnect [as oncomplete] (node:net:1637:16)
10:50:24 PM [vite] http proxy error: /api/games/featured?count=12
Error: connect ETIMEDOUT 127.0.0.1:5000
    at TCPConnectWrap.afterConnect [as oncomplete] (node:net:1637:16)

> gamestore-webclient@0.0.0 dev
> vite

[32m✔[0m [33mConsole Ninja[0m extension is connected to [33mVite[0m, see [36mhttps://tinyurl.com/2vt8jxzw[0m

  VITE v8.0.10  ready in 1945 ms

  ➜  Local:   http://localhost:3000/
  ➜  Network: use --host to expose

> gamestore-webclient@0.0.0 dev
> vite

[32m✔[0m [33mConsole Ninja[0m extension is connected to [33mVite[0m, see [36mhttps://tinyurl.com/2vt8jxzw[0m

  VITE v8.0.10  ready in 882 ms

  ➜  Local:   http://localhost:3000/
  ➜  Network: use --host to expose

> gamestore-webclient@0.0.0 dev
> vite

[32m✔[0m [33mConsole Ninja[0m extension is connected to [33mVite[0m, see [36mhttps://tinyurl.com/2vt8jxzw[0m

  VITE v8.0.10  ready in 798 ms

  ➜  Local:   http://localhost:3000/
  ➜  Network: use --host to expose

> gamestore-webclient@0.0.0 dev
> vite

[32m✔[0m [33mConsole Ninja[0m extension is connected to [33mVite[0m, see [36mhttps://tinyurl.com/2vt8jxzw[0m

  VITE v8.0.10  ready in 789 ms

  ➜  Local:   http://localhost:3000/
  ➜  Network: use --host to expose

> gamestore-webclient@0.0.0 dev
> vite

[32m✔[0m [33mConsole Ninja[0m extension is connected to [33mVite[0m, see [36mhttps://tinyurl.com/2vt8jxzw[0m

  VITE v8.0.10  ready in 561 ms

  ➜  Local:   http://localhost:3000/
  ➜  Network: use --host to expose

> gamestore-webclient@0.0.0 dev
> vite

[32m✔[0m [33mConsole Ninja[0m extension is connected to [33mVite[0m, see [36mhttps://tinyurl.com/2vt8jxzw[0m

  VITE v8.0.10  ready in 736 ms

  ➜  Local:   http://localhost:3000/
  ➜  Network: use --host to expose

> gamestore-webclient@0.0.0 dev
> vite

[32m✔[0m [33mConsole Ninja[0m extension is connected to [33mVite[0m, see [36mhttps://tinyurl.com/2vt8jxzw[0m

  VITE v8.0.10  ready in 692 ms

  ➜  Local:   http://localhost:3000/
  ➜  Network: use --host to expose

> gamestore-webclient@0.0.0 dev
> vite

[32m✔[0m [33mConsole Ninja[0m extension is connected to [33mVite[0m, see [36mhttps://tinyurl.com/2vt8jxzw[0m

  VITE v8.0.10  ready in 807 ms

  ➜  Local:   http://localhost:3000/
  ➜  Network: use --host to expose

> gamestore-webclient@0.0.0 dev
> vite

[32m✔[0m [33mConsole Ninja[0m extension is connected to [33mVite[0m, see [36mhttps://tinyurl.com/2vt8jxzw[0m

  VITE v8.0.10  ready in 727 ms

  ➜  Local:   http://localhost:3000/
  ➜  Network: use --host to expose
11:54:26 PM [vite] (client) hmr update /src/pages/LoginPage.jsx
11:54:28 PM [vite] (client) hmr update /src/pages/LoginPage.jsx
11:57:06 PM [vite] (client) hmr update /src/pages/LoginPage.jsx
11:59:38 PM [vite] (client) hmr update /src/pages/LoginPage.jsx
12:02:23 AM [vite] (client) hmr update /src/pages/LoginPage.jsx
12:02:24 AM [vite] (client) hmr update /src/pages/LoginPage.jsx
